System alive: Fri Apr 10 06:49:01 UTC 2026
System alive: Fri Apr 10 06:50:01 UTC 2026
System alive: Fri Apr 10 06:51:01 UTC 2026
System alive: Fri Apr 10 06:52:01 UTC 2026
System alive: Fri Apr 10 06:53:02 UTC 2026
System alive: Fri Apr 10 06:54:00 UTC 2026
System alive: Fri Apr 10 06:55:00 UTC 2026
System alive: Fri Apr 10 06:56:01 UTC 2026
System alive: Fri Apr 10 06:57:01 UTC 2026
System alive: Fri Apr 10 06:58:01 UTC 2026
System alive: Fri Apr 10 06:59:01 UTC 2026
System alive: Fri Apr 10 07:00:01 UTC 2026
System alive: Fri Apr 10 07:01:01 UTC 2026
System alive: Fri Apr 10 07:02:01 UTC 2026
System alive: Fri Apr 10 07:03:01 UTC 2026
System alive: Fri Apr 10 07:04:01 UTC 2026
System alive: Fri Apr 10 07:05:01 UTC 2026
System alive: Fri Apr 10 07:06:01 UTC 2026
System alive: Fri Apr 10 07:07:01 UTC 2026
System alive: Fri Apr 10 07:08:01 UTC 2026
System alive: Fri Apr 10 07:09:00 UTC 2026
System alive: Fri Apr 10 07:10:02 UTC 2026
System alive: Fri Apr 10 07:11:01 UTC 2026
System alive: Fri Apr 10 07:12:01 UTC 2026
System alive: Fri Apr 10 07:13:01 UTC 2026
System alive: Fri Apr 10 07:14:01 UTC 2026
System alive: Fri Apr 10 07:15:01 UTC 2026
System alive: Fri Apr 10 07:16:01 UTC 2026
System alive: Fri Apr 10 07:17:01 UTC 2026
System alive: Fri Apr 10 07:18:01 UTC 2026
System alive: Fri Apr 10 07:19:01 UTC 2026
System alive: Fri Apr 10 07:20:01 UTC 2026
System alive: Fri Apr 10 07:21:01 UTC 2026
System alive: Fri Apr 10 07:22:01 UTC 2026
System alive: Fri Apr 10 07:23:00 UTC 2026
System alive: Fri Apr 10 07:24:01 UTC 2026
System alive: Fri Apr 10 07:25:01 UTC 2026
System alive: Fri Apr 10 07:26:01 UTC 2026
System alive: Fri Apr 10 07:27:01 UTC 2026
System alive: Fri Apr 10 07:28:01 UTC 2026
System alive: Fri Apr 10 07:29:01 UTC 2026
System alive: Fri Apr 10 07:30:01 UTC 2026
System alive: Fri Apr 10 07:31:01 UTC 2026
System alive: Fri Apr 10 07:32:02 UTC 2026
System alive: Fri Apr 10 07:33:01 UTC 2026
System alive: Fri Apr 10 07:34:01 UTC 2026
System alive: Fri Apr 10 07:35:01 UTC 2026
System alive: Fri Apr 10 07:36:01 UTC 2026
System alive: Fri Apr 10 07:37:01 UTC 2026
System alive: Fri Apr 10 07:38:01 UTC 2026
System alive: Fri Apr 10 07:39:00 UTC 2026
System alive: Fri Apr 10 07:40:02 UTC 2026
System alive: Fri Apr 10 07:41:01 UTC 2026
System alive: Fri Apr 10 07:42:01 UTC 2026
System alive: Fri Apr 10 07:43:01 UTC 2026
System alive: Fri Apr 10 07:44:01 UTC 2026
System alive: Fri Apr 10 07:45:01 UTC 2026
System alive: Fri Apr 10 07:46:01 UTC 2026
System alive: Fri Apr 10 07:47:01 UTC 2026
System alive: Fri Apr 10 08:33:18 UTC 2026
System alive: Fri Apr 10 08:34:00 UTC 2026
System alive: Fri Apr 10 08:35:01 UTC 2026
System alive: Fri Apr 10 08:36:00 UTC 2026
System alive: Fri Apr 10 08:37:01 UTC 2026
System alive: Fri Apr 10 08:38:00 UTC 2026
System alive: Fri Apr 10 08:39:01 UTC 2026
System alive: Fri Apr 10 08:40:01 UTC 2026
System alive: Fri Apr 10 08:41:01 UTC 2026
System alive: Fri Apr 10 08:42:01 UTC 2026
System alive: Fri Apr 10 08:43:02 UTC 2026
System alive: Fri Apr 10 08:44:01 UTC 2026
System alive: Fri Apr 10 08:45:01 UTC 2026
System alive: Fri Apr 10 08:46:01 UTC 2026
System alive: Fri Apr 10 08:47:01 UTC 2026
System alive: Fri Apr 10 08:48:01 UTC 2026
System alive: Fri Apr 10 08:49:01 UTC 2026
System alive: Fri Apr 10 08:50:01 UTC 2026
System alive: Fri Apr 10 08:51:00 UTC 2026
System alive: Fri Apr 10 08:52:01 UTC 2026
System alive: Fri Apr 10 08:53:01 UTC 2026
System alive: Fri Apr 10 08:54:01 UTC 2026
System alive: Fri Apr 10 08:55:01 UTC 2026
System alive: Fri Apr 10 08:56:01 UTC 2026
System alive: Fri Apr 10 08:57:01 UTC 2026
System alive: Fri Apr 10 08:58:01 UTC 2026
System alive: Fri Apr 10 08:59:01 UTC 2026
System alive: Fri Apr 10 09:00:01 UTC 2026
System alive: Fri Apr 10 09:01:01 UTC 2026
System alive: Fri Apr 10 09:02:01 UTC 2026
System alive: Fri Apr 10 09:03:01 UTC 2026
System alive: Fri Apr 10 09:04:01 UTC 2026
System alive: Fri Apr 10 09:05:01 UTC 2026
System alive: Fri Apr 10 09:06:00 UTC 2026
System alive: Fri Apr 10 09:07:01 UTC 2026
System alive: Fri Apr 10 09:08:01 UTC 2026
System alive: Fri Apr 10 09:09:01 UTC 2026
System alive: Fri Apr 10 09:10:01 UTC 2026
System alive: Fri Apr 10 09:11:01 UTC 2026
System alive: Fri Apr 10 09:12:01 UTC 2026
System alive: Fri Apr 10 09:13:01 UTC 2026
System alive: Fri Apr 10 09:14:01 UTC 2026
System alive: Fri Apr 10 09:15:01 UTC 2026
System alive: Fri Apr 10 09:16:01 UTC 2026
System alive: Fri Apr 10 09:17:01 UTC 2026
System alive: Fri Apr 10 09:18:01 UTC 2026
System alive: Fri Apr 10 09:19:01 UTC 2026
System alive: Fri Apr 10 09:20:01 UTC 2026
System alive: Fri Apr 10 09:21:01 UTC 2026
System alive: Fri Apr 10 09:22:00 UTC 2026
System alive: Fri Apr 10 09:23:01 UTC 2026
System alive: Fri Apr 10 09:24:00 UTC 2026
System alive: Fri Apr 10 09:25:00 UTC 2026
System alive: Fri Apr 10 09:26:00 UTC 2026
System alive: Fri Apr 10 09:27:01 UTC 2026
System alive: Fri Apr 10 09:28:00 UTC 2026
System alive: Fri Apr 10 09:29:01 UTC 2026
System alive: Fri Apr 10 09:30:01 UTC 2026
System alive: Fri Apr 10 09:31:00 UTC 2026
System alive: Fri Apr 10 09:32:01 UTC 2026
System alive: Fri Apr 10 09:33:01 UTC 2026
System alive: Fri Apr 10 09:34:00 UTC 2026
System alive: Fri Apr 10 09:35:01 UTC 2026
System alive: Fri Apr 10 09:36:01 UTC 2026
System alive: Fri Apr 10 09:37:00 UTC 2026
System alive: Fri Apr 10 09:38:01 UTC 2026
System alive: Fri Apr 10 09:39:01 UTC 2026
System alive: Fri Apr 10 09:40:00 UTC 2026
System alive: Fri Apr 10 09:41:01 UTC 2026
System alive: Fri Apr 10 09:42:02 UTC 2026
System alive: Fri Apr 10 09:43:02 UTC 2026
System alive: Fri Apr 10 09:44:01 UTC 2026
System alive: Fri Apr 10 09:45:01 UTC 2026
System alive: Fri Apr 10 09:46:01 UTC 2026
System alive: Fri Apr 10 09:47:01 UTC 2026
System alive: Fri Apr 10 09:48:01 UTC 2026
System alive: Fri Apr 10 09:49:01 UTC 2026
System alive: Fri Apr 10 09:50:01 UTC 2026
System alive: Fri Apr 10 09:51:01 UTC 2026
System alive: Fri Apr 10 09:52:01 UTC 2026
System alive: Fri Apr 10 09:53:02 UTC 2026
System alive: Fri Apr 10 09:54:01 UTC 2026
System alive: Fri Apr 10 09:55:01 UTC 2026
System alive: Fri Apr 10 09:56:01 UTC 2026
System alive: Fri Apr 10 09:57:01 UTC 2026
System alive: Fri Apr 10 09:58:01 UTC 2026
System alive: Fri Apr 10 09:59:01 UTC 2026
System alive: Fri Apr 10 10:00:01 UTC 2026
System alive: Fri Apr 10 10:01:01 UTC 2026
System alive: Fri Apr 10 10:02:01 UTC 2026
System alive: Fri Apr 10 10:03:01 UTC 2026
System alive: Fri Apr 10 10:04:01 UTC 2026
System alive: Fri Apr 10 10:05:01 UTC 2026
System alive: Fri Apr 10 10:06:01 UTC 2026
System alive: Fri Apr 10 10:07:01 UTC 2026
System alive: Fri Apr 10 10:08:00 UTC 2026
System alive: Fri Apr 10 10:09:00 UTC 2026
System alive: Fri Apr 10 10:10:01 UTC 2026
System alive: Fri Apr 10 10:11:01 UTC 2026
System alive: Fri Apr 10 10:12:01 UTC 2026
System alive: Fri Apr 10 10:13:01 UTC 2026
System alive: Fri Apr 10 10:14:01 UTC 2026
System alive: Fri Apr 10 10:15:01 UTC 2026
System alive: Fri Apr 10 10:16:01 UTC 2026
System alive: Fri Apr 10 10:17:01 UTC 2026
System alive: Fri Apr 10 10:18:01 UTC 2026
System alive: Fri Apr 10 10:19:01 UTC 2026
System alive: Fri Apr 10 10:20:01 UTC 2026
System alive: Fri Apr 10 10:21:01 UTC 2026
System alive: Fri Apr 10 10:22:01 UTC 2026
System alive: Fri Apr 10 10:23:01 UTC 2026
System alive: Fri Apr 10 10:24:01 UTC 2026
System alive: Fri Apr 10 10:25:01 UTC 2026
System alive: Fri Apr 10 10:26:00 UTC 2026
System alive: Fri Apr 10 10:27:01 UTC 2026
System alive: Fri Apr 10 10:28:01 UTC 2026
System alive: Fri Apr 10 10:29:01 UTC 2026
System alive: Fri Apr 10 10:30:01 UTC 2026
System alive: Fri Apr 10 10:31:01 UTC 2026
System alive: Fri Apr 10 10:32:01 UTC 2026
System alive: Fri Apr 10 10:33:01 UTC 2026
System alive: Fri Apr 10 10:34:01 UTC 2026
System alive: Fri Apr 10 10:35:01 UTC 2026
System alive: Fri Apr 10 10:36:01 UTC 2026
System alive: Fri Apr 10 10:37:02 UTC 2026
System alive: Fri Apr 10 10:38:01 UTC 2026
System alive: Fri Apr 10 10:39:01 UTC 2026
System alive: Fri Apr 10 10:40:01 UTC 2026
System alive: Fri Apr 10 10:41:02 UTC 2026
System alive: Fri Apr 10 10:42:01 UTC 2026
System alive: Fri Apr 10 10:43:01 UTC 2026
System alive: Fri Apr 10 10:44:01 UTC 2026
System alive: Fri Apr 10 10:45:01 UTC 2026
System alive: Fri Apr 10 10:46:00 UTC 2026
System alive: Fri Apr 10 10:47:00 UTC 2026
System alive: Fri Apr 10 10:48:01 UTC 2026
System alive: Fri Apr 10 10:49:01 UTC 2026
System alive: Fri Apr 10 10:50:01 UTC 2026
System alive: Fri Apr 10 10:51:01 UTC 2026
System alive: Fri Apr 10 10:52:01 UTC 2026
System alive: Fri Apr 10 10:53:01 UTC 2026
System alive: Fri Apr 10 10:54:01 UTC 2026
System alive: Fri Apr 10 10:55:01 UTC 2026
System alive: Fri Apr 10 10:56:01 UTC 2026
System alive: Fri Apr 10 10:57:01 UTC 2026
System alive: Fri Apr 10 10:58:01 UTC 2026
System alive: Fri Apr 10 10:59:01 UTC 2026
System alive: Fri Apr 10 11:00:01 UTC 2026
System alive: Fri Apr 10 11:01:01 UTC 2026
System alive: Fri Apr 10 11:02:01 UTC 2026
System alive: Fri Apr 10 11:03:01 UTC 2026
System alive: Fri Apr 10 11:04:01 UTC 2026
System alive: Fri Apr 10 11:05:01 UTC 2026
System alive: Fri Apr 10 11:06:01 UTC 2026
System alive: Fri Apr 10 11:07:01 UTC 2026
System alive: Fri Apr 10 11:08:01 UTC 2026
System alive: Fri Apr 10 11:09:00 UTC 2026
System alive: Fri Apr 10 11:10:01 UTC 2026
System alive: Fri Apr 10 11:11:01 UTC 2026
System alive: Fri Apr 10 11:12:01 UTC 2026
System alive: Fri Apr 10 11:13:01 UTC 2026
System alive: Fri Apr 10 11:14:02 UTC 2026
System alive: Fri Apr 10 11:15:01 UTC 2026
System alive: Fri Apr 10 11:16:01 UTC 2026
System alive: Fri Apr 10 11:17:01 UTC 2026
System alive: Fri Apr 10 11:18:01 UTC 2026
System alive: Fri Apr 10 11:19:01 UTC 2026
System alive: Fri Apr 10 11:20:01 UTC 2026
System alive: Fri Apr 10 11:21:01 UTC 2026
System alive: Fri Apr 10 11:22:01 UTC 2026
System alive: Fri Apr 10 11:23:01 UTC 2026
System alive: Fri Apr 10 11:24:01 UTC 2026
System alive: Fri Apr 10 11:25:01 UTC 2026
System alive: Fri Apr 10 11:26:01 UTC 2026
System alive: Fri Apr 10 11:27:01 UTC 2026
System alive: Fri Apr 10 11:28:01 UTC 2026
System alive: Fri Apr 10 11:29:01 UTC 2026
System alive: Fri Apr 10 11:30:00 UTC 2026
System alive: Fri Apr 10 11:31:01 UTC 2026
System alive: Fri Apr 10 11:32:01 UTC 2026
System alive: Fri Apr 10 11:33:01 UTC 2026
System alive: Fri Apr 10 11:34:01 UTC 2026
System alive: Fri Apr 10 11:35:01 UTC 2026
System alive: Fri Apr 10 11:36:01 UTC 2026
System alive: Fri Apr 10 11:37:01 UTC 2026
System alive: Thu Apr 16 05:56:01 UTC 2026
System alive: Thu Apr 16 05:57:01 UTC 2026
System alive: Thu Apr 16 05:58:01 UTC 2026
System alive: Thu Apr 16 05:59:01 UTC 2026
System alive: Thu Apr 16 06:00:01 UTC 2026
System alive: Thu Apr 16 06:01:01 UTC 2026
System alive: Thu Apr 16 06:02:01 UTC 2026
System alive: Thu Apr 16 06:03:01 UTC 2026
System alive: Thu Apr 16 06:04:01 UTC 2026
System alive: Thu Apr 16 06:05:02 UTC 2026
System alive: Thu Apr 16 06:06:01 UTC 2026
System alive: Thu Apr 16 06:07:01 UTC 2026
System alive: Thu Apr 16 06:08:01 UTC 2026
System alive: Thu Apr 16 06:09:01 UTC 2026
System alive: Thu Apr 16 06:10:01 UTC 2026
System alive: Thu Apr 16 06:11:01 UTC 2026
System alive: Thu Apr 16 06:12:01 UTC 2026
System alive: Thu Apr 16 06:13:01 UTC 2026
System alive: Thu Apr 16 06:14:01 UTC 2026
System alive: Thu Apr 16 06:15:01 UTC 2026
System alive: Thu Apr 16 06:16:01 UTC 2026
System alive: Thu Apr 16 06:17:01 UTC 2026
System alive: Thu Apr 16 06:18:01 UTC 2026
System alive: Thu Apr 16 06:19:01 UTC 2026
System alive: Thu Apr 16 06:20:01 UTC 2026
System alive: Thu Apr 16 06:21:01 UTC 2026
System alive: Thu Apr 16 06:22:01 UTC 2026
System alive: Thu Apr 16 06:23:02 UTC 2026
System alive: Thu Apr 16 06:24:01 UTC 2026
System alive: Thu Apr 16 06:25:01 UTC 2026
System alive: Thu Apr 16 06:26:01 UTC 2026
System alive: Thu Apr 16 06:27:01 UTC 2026
System alive: Thu Apr 16 06:28:01 UTC 2026
System alive: Thu Apr 16 06:29:01 UTC 2026
System alive: Thu Apr 16 06:30:02 UTC 2026
System alive: Thu Apr 16 06:31:01 UTC 2026
System alive: Thu Apr 16 06:32:01 UTC 2026
System alive: Thu Apr 16 06:33:01 UTC 2026
System alive: Thu Apr 16 06:34:01 UTC 2026
System alive: Thu Apr 16 06:35:01 UTC 2026
System alive: Thu Apr 16 06:36:01 UTC 2026
System alive: Thu Apr 16 06:37:02 UTC 2026
System alive: Thu Apr 16 06:38:01 UTC 2026
System alive: Thu Apr 16 06:39:01 UTC 2026
System alive: Thu Apr 16 06:40:01 UTC 2026
System alive: Thu Apr 16 06:41:01 UTC 2026
System alive: Thu Apr 16 06:42:01 UTC 2026
System alive: Thu Apr 16 06:43:01 UTC 2026
System alive: Thu Apr 16 06:44:01 UTC 2026
System alive: Thu Apr 16 06:45:01 UTC 2026
System alive: Thu Apr 16 06:46:01 UTC 2026
System alive: Thu Apr 16 06:47:01 UTC 2026
System alive: Thu Apr 16 06:48:01 UTC 2026
System alive: Thu Apr 16 06:49:01 UTC 2026
System alive: Thu Apr 16 06:50:01 UTC 2026
System alive: Thu Apr 16 06:51:01 UTC 2026
System alive: Thu Apr 16 06:52:01 UTC 2026
System alive: Thu Apr 16 06:53:01 UTC 2026
System alive: Thu Apr 16 06:54:01 UTC 2026
System alive: Thu Apr 16 06:55:01 UTC 2026
System alive: Thu Apr 16 06:56:01 UTC 2026
System alive: Thu Apr 16 06:57:01 UTC 2026
System alive: Thu Apr 16 06:58:01 UTC 2026
System alive: Thu Apr 16 06:59:01 UTC 2026
System alive: Thu Apr 16 07:00:01 UTC 2026
System alive: Thu Apr 16 07:01:01 UTC 2026
System alive: Thu Apr 16 07:02:01 UTC 2026
System alive: Thu Apr 16 07:03:01 UTC 2026
System alive: Thu Apr 16 07:04:01 UTC 2026
System alive: Thu Apr 16 07:05:01 UTC 2026
System alive: Thu Apr 16 07:06:01 UTC 2026
System alive: Thu Apr 16 07:07:01 UTC 2026
System alive: Thu Apr 16 07:08:02 UTC 2026
System alive: Thu Apr 16 07:09:01 UTC 2026
System alive: Thu Apr 16 07:10:01 UTC 2026
System alive: Thu Apr 16 07:11:01 UTC 2026
System alive: Thu Apr 16 07:12:01 UTC 2026
System alive: Thu Apr 16 07:13:01 UTC 2026
System alive: Thu Apr 16 07:14:01 UTC 2026
System alive: Thu Apr 16 07:15:01 UTC 2026
System alive: Thu Apr 16 07:16:01 UTC 2026
System alive: Thu Apr 16 07:17:01 UTC 2026
System alive: Thu Apr 16 07:18:01 UTC 2026
System alive: Thu Apr 16 07:19:01 UTC 2026
System alive: Thu Apr 16 07:20:01 UTC 2026
System alive: Thu Apr 16 07:21:02 UTC 2026
System alive: Thu Apr 16 07:22:01 UTC 2026
System alive: Thu Apr 16 07:23:01 UTC 2026
System alive: Thu Apr 16 07:24:01 UTC 2026
System alive: Thu Apr 16 07:25:01 UTC 2026
System alive: Thu Apr 16 07:26:02 UTC 2026
System alive: Thu Apr 16 07:27:01 UTC 2026
System alive: Thu Apr 16 07:28:01 UTC 2026
System alive: Thu Apr 16 07:29:01 UTC 2026
System alive: Thu Apr 16 07:30:01 UTC 2026
System alive: Thu Apr 16 07:31:01 UTC 2026
System alive: Thu Apr 16 07:32:02 UTC 2026
System alive: Thu Apr 16 07:33:01 UTC 2026
System alive: Thu Apr 16 07:34:01 UTC 2026
System alive: Thu Apr 16 07:35:01 UTC 2026
System alive: Thu Apr 16 07:36:01 UTC 2026
System alive: Thu Apr 16 07:37:02 UTC 2026
System alive: Thu Apr 16 07:38:01 UTC 2026
System alive: Thu Apr 16 07:39:01 UTC 2026
System alive: Thu Apr 16 07:40:01 UTC 2026
System alive: Thu Apr 16 07:41:01 UTC 2026
System alive: Thu Apr 16 07:42:01 UTC 2026
System alive: Thu Apr 16 08:35:21 UTC 2026
System alive: Thu Apr 16 08:36:00 UTC 2026
System alive: Thu Apr 16 08:37:01 UTC 2026
System alive: Thu Apr 16 08:38:01 UTC 2026
System alive: Thu Apr 16 08:39:01 UTC 2026
System alive: Thu Apr 16 08:40:01 UTC 2026
System alive: Thu Apr 16 08:41:01 UTC 2026
System alive: Thu Apr 16 08:42:01 UTC 2026
System alive: Thu Apr 16 08:43:01 UTC 2026
System alive: Thu Apr 16 08:44:01 UTC 2026
System alive: Thu Apr 16 08:45:01 UTC 2026
System alive: Thu Apr 16 08:46:01 UTC 2026
System alive: Thu Apr 16 08:47:01 UTC 2026
System alive: Thu Apr 16 08:48:01 UTC 2026
System alive: Thu Apr 16 08:49:01 UTC 2026
System alive: Thu Apr 16 08:50:01 UTC 2026
System alive: Thu Apr 16 08:51:01 UTC 2026
System alive: Thu Apr 16 08:52:01 UTC 2026
System alive: Thu Apr 16 08:53:01 UTC 2026
System alive: Thu Apr 16 08:54:01 UTC 2026
System alive: Thu Apr 16 08:55:01 UTC 2026
System alive: Thu Apr 16 08:56:01 UTC 2026
System alive: Thu Apr 16 08:57:01 UTC 2026
System alive: Thu Apr 16 08:58:01 UTC 2026
System alive: Thu Apr 16 08:59:01 UTC 2026
System alive: Thu Apr 16 09:00:01 UTC 2026
System alive: Thu Apr 16 09:01:01 UTC 2026
System alive: Thu Apr 16 09:02:01 UTC 2026
System alive: Thu Apr 16 09:03:01 UTC 2026
System alive: Thu Apr 16 09:04:01 UTC 2026
System alive: Thu Apr 16 09:05:02 UTC 2026
System alive: Thu Apr 16 09:06:01 UTC 2026
System alive: Thu Apr 16 09:07:01 UTC 2026
System alive: Thu Apr 16 09:08:01 UTC 2026
System alive: Thu Apr 16 09:09:01 UTC 2026
System alive: Thu Apr 16 09:10:01 UTC 2026
System alive: Thu Apr 16 09:11:01 UTC 2026
System alive: Thu Apr 16 09:12:01 UTC 2026
System alive: Thu Apr 16 09:13:02 UTC 2026
System alive: Thu Apr 16 09:14:01 UTC 2026
System alive: Thu Apr 16 09:15:01 UTC 2026
System alive: Thu Apr 16 09:16:01 UTC 2026
System alive: Thu Apr 16 09:17:01 UTC 2026
System alive: Thu Apr 16 09:18:01 UTC 2026
System alive: Thu Apr 16 09:19:01 UTC 2026
System alive: Thu Apr 16 09:20:01 UTC 2026
System alive: Thu Apr 16 09:21:01 UTC 2026
System alive: Thu Apr 16 09:22:01 UTC 2026
System alive: Thu Apr 16 09:23:02 UTC 2026
System alive: Thu Apr 16 09:24:01 UTC 2026
System alive: Thu Apr 16 09:25:01 UTC 2026
System alive: Thu Apr 16 09:26:01 UTC 2026
System alive: Thu Apr 16 09:27:01 UTC 2026
System alive: Thu Apr 16 09:28:01 UTC 2026
System alive: Thu Apr 16 09:29:01 UTC 2026
System alive: Thu Apr 16 09:30:01 UTC 2026
System alive: Thu Apr 16 09:31:01 UTC 2026
System alive: Thu Apr 16 09:32:01 UTC 2026
System alive: Thu Apr 16 09:33:01 UTC 2026
System alive: Thu Apr 16 09:34:01 UTC 2026
System alive: Thu Apr 16 09:35:01 UTC 2026
System alive: Thu Apr 16 09:36:01 UTC 2026
System alive: Thu Apr 16 09:37:01 UTC 2026
System alive: Thu Apr 16 09:38:01 UTC 2026
System alive: Thu Apr 16 09:39:01 UTC 2026
System alive: Thu Apr 16 09:40:01 UTC 2026
System alive: Thu Apr 16 09:41:01 UTC 2026
System alive: Thu Apr 16 09:42:01 UTC 2026
System alive: Thu Apr 16 09:43:01 UTC 2026
System alive: Thu Apr 16 09:44:01 UTC 2026
System alive: Thu Apr 16 09:45:01 UTC 2026
System alive: Thu Apr 16 09:46:01 UTC 2026
System alive: Thu Apr 16 09:47:01 UTC 2026
System alive: Thu Apr 16 09:48:01 UTC 2026
System alive: Thu Apr 16 09:49:01 UTC 2026
System alive: Thu Apr 16 09:50:01 UTC 2026
System alive: Thu Apr 16 09:51:01 UTC 2026
System alive: Thu Apr 16 09:52:01 UTC 2026
System alive: Thu Apr 16 09:53:01 UTC 2026
System alive: Thu Apr 16 09:54:01 UTC 2026
System alive: Thu Apr 16 09:55:01 UTC 2026
System alive: Thu Apr 16 09:56:01 UTC 2026
System alive: Thu Apr 16 09:57:01 UTC 2026
System alive: Thu Apr 16 09:58:01 UTC 2026
System alive: Thu Apr 16 09:59:01 UTC 2026
System alive: Thu Apr 16 10:00:01 UTC 2026
System alive: Thu Apr 16 10:01:01 UTC 2026
System alive: Thu Apr 16 10:02:01 UTC 2026
System alive: Thu Apr 16 10:03:01 UTC 2026
System alive: Thu Apr 16 10:04:01 UTC 2026
System alive: Thu Apr 16 10:05:01 UTC 2026
System alive: Thu Apr 16 10:06:01 UTC 2026
System alive: Thu Apr 16 10:07:01 UTC 2026
System alive: Thu Apr 16 10:08:01 UTC 2026
System alive: Thu Apr 16 10:09:01 UTC 2026
System alive: Thu Apr 16 10:10:01 UTC 2026
System alive: Thu Apr 16 10:11:01 UTC 2026
System alive: Thu Apr 16 10:12:01 UTC 2026
System alive: Thu Apr 16 10:13:01 UTC 2026
System alive: Thu Apr 16 10:14:01 UTC 2026
System alive: Thu Apr 16 10:15:01 UTC 2026
System alive: Thu Apr 16 10:16:01 UTC 2026
System alive: Thu Apr 16 10:17:01 UTC 2026
System alive: Thu Apr 16 10:18:02 UTC 2026
System alive: Thu Apr 16 10:19:01 UTC 2026
System alive: Thu Apr 16 10:20:01 UTC 2026
System alive: Thu Apr 16 10:21:01 UTC 2026
System alive: Thu Apr 16 10:22:01 UTC 2026
System alive: Thu Apr 16 10:23:01 UTC 2026
System alive: Thu Apr 16 10:24:01 UTC 2026
System alive: Thu Apr 16 10:25:01 UTC 2026
System alive: Thu Apr 16 10:26:02 UTC 2026
System alive: Thu Apr 16 10:27:01 UTC 2026
System alive: Thu Apr 16 10:28:01 UTC 2026
System alive: Thu Apr 16 10:29:01 UTC 2026
System alive: Thu Apr 16 10:30:01 UTC 2026
System alive: Thu Apr 16 10:31:01 UTC 2026
System alive: Thu Apr 16 10:32:01 UTC 2026
System alive: Thu Apr 16 10:33:01 UTC 2026
System alive: Thu Apr 16 10:34:01 UTC 2026
System alive: Thu Apr 16 10:35:01 UTC 2026
System alive: Thu Apr 16 10:36:01 UTC 2026
System alive: Thu Apr 16 10:37:01 UTC 2026
System alive: Thu Apr 16 10:38:01 UTC 2026
System alive: Thu Apr 16 10:39:01 UTC 2026
System alive: Thu Apr 16 10:40:01 UTC 2026
System alive: Thu Apr 16 10:41:02 UTC 2026
System alive: Thu Apr 16 10:42:01 UTC 2026
System alive: Thu Apr 16 10:43:01 UTC 2026
System alive: Thu Apr 16 10:44:01 UTC 2026
System alive: Thu Apr 16 10:45:01 UTC 2026
System alive: Thu Apr 16 10:46:01 UTC 2026
System alive: Thu Apr 16 10:47:01 UTC 2026
System alive: Thu Apr 16 10:48:01 UTC 2026
System alive: Thu Apr 16 10:49:01 UTC 2026
System alive: Thu Apr 16 10:50:01 UTC 2026
System alive: Thu Apr 16 10:51:01 UTC 2026
System alive: Thu Apr 16 10:52:01 UTC 2026
System alive: Thu Apr 16 10:53:01 UTC 2026
System alive: Thu Apr 16 10:54:01 UTC 2026
System alive: Thu Apr 16 10:55:01 UTC 2026
System alive: Thu Apr 16 10:56:01 UTC 2026
System alive: Thu Apr 16 10:57:01 UTC 2026
System alive: Thu Apr 16 10:58:01 UTC 2026
System alive: Thu Apr 16 10:59:01 UTC 2026
System alive: Thu Apr 16 11:00:01 UTC 2026
System alive: Thu Apr 16 11:01:01 UTC 2026
System alive: Thu Apr 16 11:02:01 UTC 2026
System alive: Thu Apr 16 11:03:01 UTC 2026
System alive: Thu Apr 16 11:04:01 UTC 2026
System alive: Thu Apr 16 11:05:01 UTC 2026
System alive: Thu Apr 16 11:06:01 UTC 2026
System alive: Thu Apr 16 11:07:01 UTC 2026
System alive: Thu Apr 16 11:08:01 UTC 2026
System alive: Thu Apr 16 11:09:01 UTC 2026
System alive: Thu Apr 16 11:10:01 UTC 2026
System alive: Thu Apr 16 11:11:02 UTC 2026
System alive: Thu Apr 16 11:12:01 UTC 2026
System alive: Thu Apr 16 11:13:01 UTC 2026
System alive: Thu Apr 16 11:14:01 UTC 2026
System alive: Thu Apr 16 11:15:01 UTC 2026
System alive: Thu Apr 16 11:16:01 UTC 2026
System alive: Thu Apr 16 11:17:01 UTC 2026
System alive: Thu Apr 16 11:18:01 UTC 2026
System alive: Thu Apr 16 11:19:01 UTC 2026
System alive: Thu Apr 16 11:20:01 UTC 2026
System alive: Thu Apr 16 11:21:01 UTC 2026
System alive: Thu Apr 16 11:22:01 UTC 2026
System alive: Thu Apr 16 11:23:01 UTC 2026
System alive: Thu Apr 16 11:24:01 UTC 2026
System alive: Thu Apr 16 11:25:01 UTC 2026
System alive: Thu Apr 16 11:26:01 UTC 2026
System alive: Thu Apr 16 11:27:02 UTC 2026
System alive: Thu Apr 16 11:28:01 UTC 2026
System alive: Mon Apr 20 05:46:02 UTC 2026
System alive: Mon Apr 20 05:47:01 UTC 2026
System alive: Mon Apr 20 05:48:01 UTC 2026
System alive: Mon Apr 20 05:49:02 UTC 2026
System alive: Mon Apr 20 05:50:01 UTC 2026
System alive: Mon Apr 20 05:51:01 UTC 2026
System alive: Mon Apr 20 05:52:01 UTC 2026
System alive: Mon Apr 20 05:53:01 UTC 2026
System alive: Mon Apr 20 05:54:01 UTC 2026
System alive: Mon Apr 20 05:55:02 UTC 2026
System alive: Mon Apr 20 05:56:01 UTC 2026
System alive: Mon Apr 20 05:57:01 UTC 2026
System alive: Mon Apr 20 05:58:01 UTC 2026
System alive: Mon Apr 20 05:59:01 UTC 2026
System alive: Mon Apr 20 06:00:02 UTC 2026
System alive: Mon Apr 20 06:01:01 UTC 2026
System alive: Mon Apr 20 06:02:01 UTC 2026
System alive: Mon Apr 20 06:03:01 UTC 2026
System alive: Mon Apr 20 06:04:01 UTC 2026
System alive: Mon Apr 20 06:05:01 UTC 2026
System alive: Mon Apr 20 06:06:02 UTC 2026
System alive: Mon Apr 20 06:07:01 UTC 2026
System alive: Mon Apr 20 06:08:01 UTC 2026
System alive: Mon Apr 20 06:09:01 UTC 2026
System alive: Mon Apr 20 06:10:02 UTC 2026
System alive: Mon Apr 20 06:11:01 UTC 2026
System alive: Mon Apr 20 06:12:01 UTC 2026
System alive: Mon Apr 20 06:13:01 UTC 2026
System alive: Mon Apr 20 06:14:01 UTC 2026
System alive: Mon Apr 20 06:15:01 UTC 2026
System alive: Mon Apr 20 06:16:01 UTC 2026
System alive: Mon Apr 20 06:17:01 UTC 2026
System alive: Mon Apr 20 06:18:01 UTC 2026
System alive: Mon Apr 20 06:19:01 UTC 2026
System alive: Mon Apr 20 06:20:02 UTC 2026
System alive: Mon Apr 20 06:21:02 UTC 2026
System alive: Mon Apr 20 06:22:01 UTC 2026
System alive: Mon Apr 20 06:23:01 UTC 2026
System alive: Mon Apr 20 06:24:01 UTC 2026
System alive: Mon Apr 20 06:25:01 UTC 2026
System alive: Mon Apr 20 06:26:01 UTC 2026
System alive: Mon Apr 20 06:27:01 UTC 2026
System alive: Mon Apr 20 06:28:01 UTC 2026
System alive: Mon Apr 20 06:29:01 UTC 2026
System alive: Mon Apr 20 06:30:01 UTC 2026
System alive: Mon Apr 20 06:31:02 UTC 2026
System alive: Mon Apr 20 06:32:01 UTC 2026
System alive: Mon Apr 20 06:33:01 UTC 2026
System alive: Mon Apr 20 06:34:01 UTC 2026
System alive: Mon Apr 20 06:35:01 UTC 2026
System alive: Mon Apr 20 06:36:01 UTC 2026
System alive: Mon Apr 20 06:37:01 UTC 2026
System alive: Mon Apr 20 06:38:01 UTC 2026
System alive: Mon Apr 20 06:39:01 UTC 2026
System alive: Mon Apr 20 06:40:01 UTC 2026
System alive: Mon Apr 20 06:41:01 UTC 2026
System alive: Mon Apr 20 06:42:02 UTC 2026
System alive: Mon Apr 20 06:43:01 UTC 2026
System alive: Mon Apr 20 06:44:01 UTC 2026
System alive: Mon Apr 20 06:45:01 UTC 2026
System alive: Mon Apr 20 06:46:01 UTC 2026
System alive: Mon Apr 20 06:47:01 UTC 2026
System alive: Mon Apr 20 06:48:01 UTC 2026
System alive: Mon Apr 20 06:49:01 UTC 2026
System alive: Mon Apr 20 06:50:01 UTC 2026
System alive: Mon Apr 20 06:51:01 UTC 2026
System alive: Mon Apr 20 06:52:01 UTC 2026
System alive: Mon Apr 20 06:53:01 UTC 2026
System alive: Mon Apr 20 06:54:01 UTC 2026
System alive: Mon Apr 20 06:55:01 UTC 2026
System alive: Mon Apr 20 06:56:01 UTC 2026
System alive: Mon Apr 20 06:57:01 UTC 2026
System alive: Mon Apr 20 06:58:01 UTC 2026
System alive: Mon Apr 20 06:59:01 UTC 2026
System alive: Mon Apr 20 07:00:01 UTC 2026
System alive: Mon Apr 20 07:01:01 UTC 2026
System alive: Mon Apr 20 07:02:01 UTC 2026
System alive: Mon Apr 20 07:03:01 UTC 2026
System alive: Mon Apr 20 07:04:01 UTC 2026
System alive: Mon Apr 20 07:05:01 UTC 2026
System alive: Mon Apr 20 07:06:01 UTC 2026
System alive: Mon Apr 20 07:07:01 UTC 2026
System alive: Mon Apr 20 07:08:01 UTC 2026
System alive: Mon Apr 20 07:09:01 UTC 2026
System alive: Mon Apr 20 07:10:01 UTC 2026
System alive: Mon Apr 20 07:11:01 UTC 2026
System alive: Mon Apr 20 07:12:01 UTC 2026
System alive: Mon Apr 20 07:13:01 UTC 2026
System alive: Mon Apr 20 07:14:01 UTC 2026
System alive: Mon Apr 20 07:15:01 UTC 2026
System alive: Mon Apr 20 07:16:01 UTC 2026
System alive: Mon Apr 20 07:17:01 UTC 2026
System alive: Mon Apr 20 07:18:01 UTC 2026
System alive: Mon Apr 20 07:19:01 UTC 2026
System alive: Mon Apr 20 07:20:01 UTC 2026
System alive: Mon Apr 20 07:21:01 UTC 2026
System alive: Mon Apr 20 07:22:01 UTC 2026
System alive: Mon Apr 20 07:23:02 UTC 2026
System alive: Mon Apr 20 07:24:01 UTC 2026
System alive: Mon Apr 20 07:25:01 UTC 2026
System alive: Mon Apr 20 07:26:02 UTC 2026
System alive: Mon Apr 20 07:27:01 UTC 2026
System alive: Mon Apr 20 07:28:01 UTC 2026
System alive: Mon Apr 20 07:29:01 UTC 2026
System alive: Mon Apr 20 07:30:01 UTC 2026
System alive: Mon Apr 20 07:31:01 UTC 2026
System alive: Mon Apr 20 07:32:01 UTC 2026
System alive: Mon Apr 20 07:33:01 UTC 2026
System alive: Mon Apr 20 07:34:01 UTC 2026
System alive: Mon Apr 20 07:35:01 UTC 2026
System alive: Mon Apr 20 07:36:01 UTC 2026
System alive: Mon Apr 20 07:37:01 UTC 2026
System alive: Mon Apr 20 08:33:00 UTC 2026
System alive: Mon Apr 20 08:34:01 UTC 2026
System alive: Mon Apr 20 08:35:01 UTC 2026
System alive: Mon Apr 20 08:36:01 UTC 2026
System alive: Mon Apr 20 08:37:02 UTC 2026
System alive: Mon Apr 20 08:38:01 UTC 2026
System alive: Mon Apr 20 08:39:01 UTC 2026
System alive: Mon Apr 20 08:40:01 UTC 2026
System alive: Mon Apr 20 08:41:01 UTC 2026
System alive: Mon Apr 20 08:42:01 UTC 2026
System alive: Mon Apr 20 08:43:01 UTC 2026
System alive: Mon Apr 20 08:44:01 UTC 2026
System alive: Mon Apr 20 08:45:01 UTC 2026
System alive: Mon Apr 20 08:46:01 UTC 2026
System alive: Mon Apr 20 08:47:02 UTC 2026
System alive: Mon Apr 20 08:48:01 UTC 2026
System alive: Mon Apr 20 08:49:01 UTC 2026
System alive: Mon Apr 20 08:50:01 UTC 2026
System alive: Mon Apr 20 08:51:01 UTC 2026
System alive: Mon Apr 20 08:52:01 UTC 2026
System alive: Mon Apr 20 08:53:01 UTC 2026
System alive: Mon Apr 20 08:54:01 UTC 2026
System alive: Mon Apr 20 08:55:01 UTC 2026
System alive: Mon Apr 20 08:56:01 UTC 2026
System alive: Mon Apr 20 08:57:01 UTC 2026
System alive: Mon Apr 20 08:58:01 UTC 2026
System alive: Mon Apr 20 08:59:02 UTC 2026
System alive: Mon Apr 20 09:00:01 UTC 2026
System alive: Mon Apr 20 09:01:01 UTC 2026
System alive: Mon Apr 20 09:02:01 UTC 2026
System alive: Mon Apr 20 09:03:01 UTC 2026
System alive: Mon Apr 20 09:04:01 UTC 2026
System alive: Mon Apr 20 09:05:01 UTC 2026
System alive: Mon Apr 20 09:06:01 UTC 2026
System alive: Mon Apr 20 09:07:01 UTC 2026
System alive: Mon Apr 20 09:08:01 UTC 2026
System alive: Mon Apr 20 09:09:01 UTC 2026
System alive: Mon Apr 20 09:10:01 UTC 2026
System alive: Mon Apr 20 09:11:01 UTC 2026
System alive: Mon Apr 20 09:12:01 UTC 2026
System alive: Mon Apr 20 09:13:01 UTC 2026
System alive: Mon Apr 20 09:14:01 UTC 2026
System alive: Mon Apr 20 09:15:01 UTC 2026
System alive: Mon Apr 20 09:16:02 UTC 2026
System alive: Mon Apr 20 09:17:01 UTC 2026
System alive: Mon Apr 20 09:18:01 UTC 2026
System alive: Mon Apr 20 09:19:01 UTC 2026
System alive: Mon Apr 20 09:20:01 UTC 2026
System alive: Mon Apr 20 09:21:01 UTC 2026
System alive: Mon Apr 20 09:22:01 UTC 2026
System alive: Mon Apr 20 09:23:01 UTC 2026
System alive: Mon Apr 20 09:24:01 UTC 2026
System alive: Mon Apr 20 09:25:01 UTC 2026
System alive: Mon Apr 20 09:26:01 UTC 2026
System alive: Mon Apr 20 09:27:02 UTC 2026
System alive: Mon Apr 20 09:28:01 UTC 2026
System alive: Mon Apr 20 09:29:01 UTC 2026
System alive: Mon Apr 20 09:30:01 UTC 2026
System alive: Mon Apr 20 09:31:01 UTC 2026
System alive: Mon Apr 20 09:32:01 UTC 2026
System alive: Mon Apr 20 09:33:01 UTC 2026
System alive: Mon Apr 20 09:34:01 UTC 2026
System alive: Mon Apr 20 09:35:01 UTC 2026
System alive: Mon Apr 20 09:36:01 UTC 2026
System alive: Mon Apr 20 09:37:01 UTC 2026
System alive: Mon Apr 20 09:38:02 UTC 2026
System alive: Mon Apr 20 09:39:01 UTC 2026
System alive: Mon Apr 20 09:40:01 UTC 2026
System alive: Mon Apr 20 09:41:01 UTC 2026
System alive: Mon Apr 20 09:42:01 UTC 2026
System alive: Mon Apr 20 09:43:01 UTC 2026
System alive: Mon Apr 20 09:44:01 UTC 2026
System alive: Mon Apr 20 09:45:01 UTC 2026
System alive: Mon Apr 20 09:46:02 UTC 2026
System alive: Mon Apr 20 09:47:01 UTC 2026
System alive: Mon Apr 20 09:48:01 UTC 2026
System alive: Mon Apr 20 09:49:02 UTC 2026
System alive: Mon Apr 20 09:50:01 UTC 2026
System alive: Mon Apr 20 09:51:01 UTC 2026
System alive: Mon Apr 20 09:52:01 UTC 2026
System alive: Mon Apr 20 09:53:01 UTC 2026
System alive: Mon Apr 20 09:54:01 UTC 2026
System alive: Mon Apr 20 09:55:01 UTC 2026
System alive: Mon Apr 20 09:56:01 UTC 2026
System alive: Mon Apr 20 09:57:01 UTC 2026
System alive: Mon Apr 20 09:58:01 UTC 2026
System alive: Mon Apr 20 09:59:01 UTC 2026
System alive: Mon Apr 20 10:00:01 UTC 2026
System alive: Mon Apr 20 10:01:01 UTC 2026
System alive: Mon Apr 20 10:02:01 UTC 2026
System alive: Mon Apr 20 10:03:00 UTC 2026
System alive: Mon Apr 20 10:04:01 UTC 2026
System alive: Mon Apr 20 10:05:01 UTC 2026
System alive: Mon Apr 20 10:06:01 UTC 2026
System alive: Mon Apr 20 10:07:01 UTC 2026
System alive: Mon Apr 20 10:08:01 UTC 2026
System alive: Mon Apr 20 10:09:01 UTC 2026
System alive: Mon Apr 20 10:10:01 UTC 2026
System alive: Mon Apr 20 10:11:01 UTC 2026
System alive: Mon Apr 20 10:12:01 UTC 2026
System alive: Mon Apr 20 10:13:01 UTC 2026
System alive: Mon Apr 20 10:14:01 UTC 2026
System alive: Mon Apr 20 10:15:01 UTC 2026
System alive: Mon Apr 20 10:16:01 UTC 2026
System alive: Mon Apr 20 10:17:02 UTC 2026
System alive: Mon Apr 20 10:18:01 UTC 2026
System alive: Mon Apr 20 10:19:01 UTC 2026
System alive: Mon Apr 20 10:20:01 UTC 2026
System alive: Mon Apr 20 10:21:01 UTC 2026
System alive: Mon Apr 20 10:22:01 UTC 2026
System alive: Mon Apr 20 10:23:01 UTC 2026
System alive: Mon Apr 20 10:24:01 UTC 2026
System alive: Mon Apr 20 10:25:01 UTC 2026
System alive: Mon Apr 20 10:26:01 UTC 2026
System alive: Mon Apr 20 10:27:01 UTC 2026
System alive: Mon Apr 20 10:28:01 UTC 2026
System alive: Mon Apr 20 10:29:02 UTC 2026
System alive: Mon Apr 20 10:30:01 UTC 2026
System alive: Mon Apr 20 10:31:01 UTC 2026
System alive: Mon Apr 20 10:32:01 UTC 2026
System alive: Mon Apr 20 10:33:01 UTC 2026
System alive: Mon Apr 20 10:34:01 UTC 2026
System alive: Mon Apr 20 10:35:01 UTC 2026
System alive: Mon Apr 20 10:36:02 UTC 2026
System alive: Mon Apr 20 10:37:01 UTC 2026
System alive: Mon Apr 20 10:38:01 UTC 2026
System alive: Mon Apr 20 10:39:01 UTC 2026
System alive: Mon Apr 20 10:40:01 UTC 2026
System alive: Mon Apr 20 10:41:01 UTC 2026
System alive: Mon Apr 20 10:42:01 UTC 2026
System alive: Mon Apr 20 10:43:01 UTC 2026
System alive: Mon Apr 20 10:44:01 UTC 2026
System alive: Mon Apr 20 10:45:01 UTC 2026
System alive: Mon Apr 20 10:46:01 UTC 2026
System alive: Mon Apr 20 10:47:01 UTC 2026
System alive: Mon Apr 20 10:48:01 UTC 2026
System alive: Mon Apr 20 10:49:01 UTC 2026
System alive: Mon Apr 20 10:50:01 UTC 2026
System alive: Mon Apr 20 10:51:01 UTC 2026
System alive: Mon Apr 20 10:52:01 UTC 2026
System alive: Mon Apr 20 10:53:01 UTC 2026
System alive: Mon Apr 20 10:54:01 UTC 2026
System alive: Mon Apr 20 10:55:01 UTC 2026
System alive: Mon Apr 20 10:56:02 UTC 2026
System alive: Mon Apr 20 10:57:01 UTC 2026
System alive: Mon Apr 20 10:58:01 UTC 2026
System alive: Mon Apr 20 10:59:02 UTC 2026
System alive: Mon Apr 20 11:00:01 UTC 2026
System alive: Mon Apr 20 11:01:01 UTC 2026
System alive: Mon Apr 20 11:02:02 UTC 2026
System alive: Mon Apr 20 11:03:01 UTC 2026
System alive: Mon Apr 20 11:04:01 UTC 2026
System alive: Mon Apr 20 11:05:01 UTC 2026
System alive: Mon Apr 20 11:06:01 UTC 2026
System alive: Mon Apr 20 11:07:01 UTC 2026
System alive: Mon Apr 20 11:08:02 UTC 2026
System alive: Mon Apr 20 11:09:01 UTC 2026
System alive: Mon Apr 20 11:10:01 UTC 2026
System alive: Mon Apr 20 11:11:01 UTC 2026
System alive: Mon Apr 20 11:12:01 UTC 2026
System alive: Mon Apr 20 11:13:01 UTC 2026
System alive: Mon Apr 20 11:14:01 UTC 2026
System alive: Mon Apr 20 11:15:01 UTC 2026
System alive: Mon Apr 20 11:16:01 UTC 2026
System alive: Mon Apr 20 11:17:01 UTC 2026
System alive: Mon Apr 20 11:18:01 UTC 2026
System alive: Mon Apr 20 11:19:01 UTC 2026
System alive: Mon Apr 20 11:20:01 UTC 2026
System alive: Mon Apr 20 11:21:01 UTC 2026
System alive: Mon Apr 20 11:22:02 UTC 2026
System alive: Mon Apr 20 11:23:01 UTC 2026
System alive: Mon Apr 20 11:24:01 UTC 2026
System alive: Mon Apr 20 11:25:01 UTC 2026
System alive: Mon Apr 20 11:26:01 UTC 2026
System alive: Mon Apr 20 11:27:01 UTC 2026
System alive: Mon Apr 20 11:28:01 UTC 2026
System alive: Mon Apr 20 11:29:02 UTC 2026
System alive: Mon Apr 20 11:30:01 UTC 2026
System alive: Mon Apr 20 11:31:01 UTC 2026
System alive: Mon Apr 20 11:32:01 UTC 2026
System alive: Mon Apr 20 11:33:02 UTC 2026
System alive: Mon Apr 20 11:34:01 UTC 2026
System alive: Mon Apr 20 11:35:01 UTC 2026
System alive: Mon Apr 20 11:36:01 UTC 2026
System alive: Mon Apr 20 11:37:01 UTC 2026
System alive: Mon Apr 20 11:38:01 UTC 2026
System alive: Mon Apr 20 11:39:01 UTC 2026
System alive: Mon Apr 20 11:40:01 UTC 2026
System alive: Mon Apr 20 11:41:01 UTC 2026
System alive: Tue Apr 21 05:51:01 UTC 2026
System alive: Tue Apr 21 05:52:01 UTC 2026
System alive: Tue Apr 21 05:53:01 UTC 2026
System alive: Tue Apr 21 05:54:01 UTC 2026
System alive: Tue Apr 21 05:55:01 UTC 2026
System alive: Tue Apr 21 05:56:01 UTC 2026
System alive: Tue Apr 21 05:57:01 UTC 2026
System alive: Tue Apr 21 05:58:01 UTC 2026
System alive: Tue Apr 21 05:59:01 UTC 2026
System alive: Tue Apr 21 06:00:01 UTC 2026
System alive: Tue Apr 21 06:01:01 UTC 2026
System alive: Tue Apr 21 06:02:00 UTC 2026
System alive: Tue Apr 21 06:03:01 UTC 2026
System alive: Tue Apr 21 06:04:01 UTC 2026
System alive: Tue Apr 21 06:05:00 UTC 2026
System alive: Tue Apr 21 06:06:00 UTC 2026
System alive: Tue Apr 21 06:07:00 UTC 2026
System alive: Tue Apr 21 06:08:00 UTC 2026
System alive: Tue Apr 21 06:09:00 UTC 2026
System alive: Tue Apr 21 06:10:00 UTC 2026
System alive: Tue Apr 21 06:11:00 UTC 2026
System alive: Tue Apr 21 06:12:00 UTC 2026
System alive: Tue Apr 21 06:13:00 UTC 2026
System alive: Tue Apr 21 06:14:00 UTC 2026
System alive: Tue Apr 21 06:15:00 UTC 2026
System alive: Tue Apr 21 06:16:00 UTC 2026
System alive: Tue Apr 21 06:17:00 UTC 2026
System alive: Tue Apr 21 06:18:00 UTC 2026
System alive: Tue Apr 21 06:19:00 UTC 2026
System alive: Tue Apr 21 06:20:00 UTC 2026
System alive: Tue Apr 21 06:21:00 UTC 2026
System alive: Tue Apr 21 06:22:00 UTC 2026
System alive: Tue Apr 21 06:23:00 UTC 2026
System alive: Tue Apr 21 06:24:00 UTC 2026
System alive: Tue Apr 21 06:25:00 UTC 2026
System alive: Tue Apr 21 06:26:02 UTC 2026
System alive: Tue Apr 21 06:27:00 UTC 2026
System alive: Tue Apr 21 06:28:00 UTC 2026
System alive: Tue Apr 21 06:29:00 UTC 2026
System alive: Tue Apr 21 06:30:00 UTC 2026
System alive: Tue Apr 21 06:31:02 UTC 2026
System alive: Tue Apr 21 06:32:01 UTC 2026
System alive: Tue Apr 21 06:33:00 UTC 2026
System alive: Tue Apr 21 06:34:00 UTC 2026
System alive: Tue Apr 21 06:35:00 UTC 2026
System alive: Tue Apr 21 06:36:00 UTC 2026
System alive: Tue Apr 21 06:37:00 UTC 2026
System alive: Tue Apr 21 06:38:00 UTC 2026
System alive: Tue Apr 21 06:39:00 UTC 2026
System alive: Tue Apr 21 06:40:00 UTC 2026
System alive: Tue Apr 21 06:41:00 UTC 2026
System alive: Tue Apr 21 06:42:00 UTC 2026
System alive: Tue Apr 21 06:43:01 UTC 2026
System alive: Tue Apr 21 06:44:00 UTC 2026
System alive: Tue Apr 21 06:45:00 UTC 2026
System alive: Tue Apr 21 06:46:01 UTC 2026
System alive: Tue Apr 21 06:47:01 UTC 2026
System alive: Tue Apr 21 06:48:00 UTC 2026
System alive: Tue Apr 21 06:49:00 UTC 2026
System alive: Tue Apr 21 06:50:00 UTC 2026
System alive: Tue Apr 21 06:51:00 UTC 2026
System alive: Tue Apr 21 06:52:01 UTC 2026
System alive: Tue Apr 21 06:53:00 UTC 2026
System alive: Tue Apr 21 06:54:00 UTC 2026
System alive: Tue Apr 21 06:55:01 UTC 2026
System alive: Tue Apr 21 06:56:01 UTC 2026
System alive: Tue Apr 21 06:57:00 UTC 2026
System alive: Tue Apr 21 06:58:00 UTC 2026
System alive: Tue Apr 21 06:59:00 UTC 2026
System alive: Tue Apr 21 07:00:00 UTC 2026
System alive: Tue Apr 21 07:01:00 UTC 2026
System alive: Tue Apr 21 07:02:00 UTC 2026
System alive: Tue Apr 21 07:03:00 UTC 2026
System alive: Tue Apr 21 07:04:02 UTC 2026
System alive: Tue Apr 21 07:05:00 UTC 2026
System alive: Tue Apr 21 07:06:00 UTC 2026
System alive: Tue Apr 21 07:07:00 UTC 2026
System alive: Tue Apr 21 07:08:01 UTC 2026
System alive: Tue Apr 21 07:09:00 UTC 2026
System alive: Tue Apr 21 07:10:00 UTC 2026
System alive: Tue Apr 21 07:11:00 UTC 2026
System alive: Tue Apr 21 07:12:00 UTC 2026
System alive: Tue Apr 21 07:13:01 UTC 2026
System alive: Tue Apr 21 07:14:00 UTC 2026
System alive: Tue Apr 21 07:15:01 UTC 2026
System alive: Tue Apr 21 07:16:02 UTC 2026
System alive: Tue Apr 21 07:17:00 UTC 2026
System alive: Tue Apr 21 07:18:00 UTC 2026
System alive: Tue Apr 21 07:19:00 UTC 2026
System alive: Tue Apr 21 07:20:00 UTC 2026
System alive: Tue Apr 21 07:21:00 UTC 2026
System alive: Tue Apr 21 07:22:01 UTC 2026
System alive: Tue Apr 21 07:23:00 UTC 2026
System alive: Tue Apr 21 07:24:01 UTC 2026
System alive: Tue Apr 21 07:25:01 UTC 2026
System alive: Tue Apr 21 07:26:00 UTC 2026
System alive: Tue Apr 21 07:27:00 UTC 2026
System alive: Tue Apr 21 07:28:00 UTC 2026
System alive: Tue Apr 21 07:29:02 UTC 2026
System alive: Tue Apr 21 07:30:00 UTC 2026
System alive: Tue Apr 21 07:31:00 UTC 2026
System alive: Tue Apr 21 07:32:00 UTC 2026
System alive: Tue Apr 21 07:33:00 UTC 2026
System alive: Tue Apr 21 07:34:00 UTC 2026
System alive: Tue Apr 21 07:35:00 UTC 2026
System alive: Tue Apr 21 07:36:00 UTC 2026
System alive: Tue Apr 21 07:37:01 UTC 2026
System alive: Tue Apr 21 07:38:00 UTC 2026
System alive: Tue Apr 21 07:39:00 UTC 2026
System alive: Tue Apr 21 07:40:00 UTC 2026
System alive: Tue Apr 21 07:41:01 UTC 2026
System alive: Tue Apr 21 07:42:00 UTC 2026
System alive: Tue Apr 21 07:43:01 UTC 2026
System alive: Tue Apr 21 08:29:25 UTC 2026
System alive: Tue Apr 21 08:30:00 UTC 2026
System alive: Tue Apr 21 08:31:00 UTC 2026
System alive: Tue Apr 21 08:32:01 UTC 2026
System alive: Tue Apr 21 08:33:00 UTC 2026
System alive: Tue Apr 21 08:34:00 UTC 2026
System alive: Tue Apr 21 08:35:01 UTC 2026
System alive: Tue Apr 21 08:36:00 UTC 2026
System alive: Tue Apr 21 08:37:00 UTC 2026
System alive: Tue Apr 21 08:38:00 UTC 2026
System alive: Tue Apr 21 08:39:01 UTC 2026
System alive: Tue Apr 21 08:40:00 UTC 2026
System alive: Tue Apr 21 08:41:02 UTC 2026
System alive: Tue Apr 21 08:42:01 UTC 2026
System alive: Tue Apr 21 08:43:00 UTC 2026
System alive: Tue Apr 21 08:44:02 UTC 2026
System alive: Tue Apr 21 08:45:01 UTC 2026
System alive: Tue Apr 21 08:46:00 UTC 2026
System alive: Tue Apr 21 08:47:00 UTC 2026
System alive: Tue Apr 21 08:48:00 UTC 2026
System alive: Tue Apr 21 08:49:01 UTC 2026
System alive: Tue Apr 21 08:50:00 UTC 2026
System alive: Tue Apr 21 08:51:02 UTC 2026
System alive: Tue Apr 21 08:52:01 UTC 2026
System alive: Tue Apr 21 08:53:00 UTC 2026
System alive: Tue Apr 21 08:54:01 UTC 2026
System alive: Tue Apr 21 08:55:00 UTC 2026
System alive: Tue Apr 21 08:56:00 UTC 2026
System alive: Tue Apr 21 08:57:00 UTC 2026
System alive: Tue Apr 21 08:58:01 UTC 2026
System alive: Tue Apr 21 08:59:00 UTC 2026
System alive: Tue Apr 21 09:00:00 UTC 2026
System alive: Tue Apr 21 09:01:00 UTC 2026
System alive: Tue Apr 21 09:02:01 UTC 2026
System alive: Tue Apr 21 09:03:00 UTC 2026
System alive: Tue Apr 21 09:04:01 UTC 2026
System alive: Tue Apr 21 09:05:00 UTC 2026
System alive: Tue Apr 21 09:06:00 UTC 2026
System alive: Tue Apr 21 09:07:00 UTC 2026
System alive: Tue Apr 21 09:08:01 UTC 2026
System alive: Tue Apr 21 09:09:00 UTC 2026
System alive: Tue Apr 21 09:10:00 UTC 2026
System alive: Tue Apr 21 09:11:01 UTC 2026
System alive: Tue Apr 21 09:12:00 UTC 2026
System alive: Tue Apr 21 09:13:01 UTC 2026
System alive: Tue Apr 21 09:14:00 UTC 2026
System alive: Tue Apr 21 09:15:00 UTC 2026
System alive: Tue Apr 21 09:16:00 UTC 2026
System alive: Tue Apr 21 09:17:01 UTC 2026
System alive: Tue Apr 21 09:18:00 UTC 2026
System alive: Tue Apr 21 09:19:01 UTC 2026
System alive: Tue Apr 21 09:20:00 UTC 2026
System alive: Tue Apr 21 09:21:01 UTC 2026
System alive: Tue Apr 21 09:22:00 UTC 2026
System alive: Tue Apr 21 09:23:01 UTC 2026
System alive: Tue Apr 21 09:24:00 UTC 2026
System alive: Tue Apr 21 09:25:00 UTC 2026
System alive: Tue Apr 21 09:26:00 UTC 2026
System alive: Tue Apr 21 09:27:01 UTC 2026
System alive: Tue Apr 21 09:28:00 UTC 2026
System alive: Tue Apr 21 09:29:01 UTC 2026
System alive: Tue Apr 21 09:30:00 UTC 2026
System alive: Tue Apr 21 09:31:01 UTC 2026
System alive: Tue Apr 21 09:32:00 UTC 2026
System alive: Tue Apr 21 09:33:02 UTC 2026
System alive: Tue Apr 21 09:34:01 UTC 2026
System alive: Tue Apr 21 09:35:00 UTC 2026
System alive: Tue Apr 21 09:36:00 UTC 2026
System alive: Tue Apr 21 09:37:01 UTC 2026
System alive: Tue Apr 21 09:38:00 UTC 2026
System alive: Tue Apr 21 09:39:01 UTC 2026
System alive: Tue Apr 21 09:40:00 UTC 2026
System alive: Tue Apr 21 09:41:01 UTC 2026
System alive: Tue Apr 21 09:42:00 UTC 2026
System alive: Tue Apr 21 09:43:01 UTC 2026
System alive: Tue Apr 21 09:44:00 UTC 2026
System alive: Tue Apr 21 09:45:00 UTC 2026
System alive: Tue Apr 21 09:46:00 UTC 2026
System alive: Tue Apr 21 09:47:01 UTC 2026
System alive: Tue Apr 21 09:48:00 UTC 2026
System alive: Tue Apr 21 09:49:01 UTC 2026
System alive: Tue Apr 21 09:50:00 UTC 2026
System alive: Tue Apr 21 09:51:01 UTC 2026
System alive: Tue Apr 21 09:52:00 UTC 2026
System alive: Tue Apr 21 09:53:01 UTC 2026
System alive: Tue Apr 21 09:54:00 UTC 2026
System alive: Tue Apr 21 09:55:00 UTC 2026
System alive: Tue Apr 21 09:56:01 UTC 2026
System alive: Tue Apr 21 09:57:00 UTC 2026
System alive: Tue Apr 21 09:58:01 UTC 2026
System alive: Tue Apr 21 09:59:00 UTC 2026
System alive: Tue Apr 21 10:00:01 UTC 2026
System alive: Tue Apr 21 10:01:01 UTC 2026
System alive: Tue Apr 21 10:02:00 UTC 2026
System alive: Tue Apr 21 10:03:01 UTC 2026
System alive: Tue Apr 21 10:04:00 UTC 2026
System alive: Tue Apr 21 10:05:01 UTC 2026
System alive: Tue Apr 21 10:06:01 UTC 2026
System alive: Tue Apr 21 10:07:01 UTC 2026
System alive: Tue Apr 21 10:08:00 UTC 2026
System alive: Tue Apr 21 10:09:01 UTC 2026
System alive: Tue Apr 21 10:10:00 UTC 2026
System alive: Tue Apr 21 10:11:01 UTC 2026
System alive: Tue Apr 21 10:12:00 UTC 2026
System alive: Tue Apr 21 10:13:01 UTC 2026
System alive: Tue Apr 21 10:14:00 UTC 2026
System alive: Tue Apr 21 10:15:01 UTC 2026
System alive: Tue Apr 21 10:16:01 UTC 2026
System alive: Tue Apr 21 10:17:01 UTC 2026
System alive: Tue Apr 21 10:18:00 UTC 2026
System alive: Tue Apr 21 10:19:01 UTC 2026
System alive: Tue Apr 21 10:20:00 UTC 2026
System alive: Tue Apr 21 10:21:01 UTC 2026
System alive: Tue Apr 21 10:22:00 UTC 2026
System alive: Tue Apr 21 10:23:01 UTC 2026
System alive: Tue Apr 21 10:24:00 UTC 2026
System alive: Tue Apr 21 10:25:01 UTC 2026
System alive: Tue Apr 21 10:26:00 UTC 2026
System alive: Tue Apr 21 10:27:00 UTC 2026
System alive: Tue Apr 21 10:28:00 UTC 2026
System alive: Tue Apr 21 10:29:01 UTC 2026
System alive: Tue Apr 21 10:30:00 UTC 2026
System alive: Tue Apr 21 10:31:01 UTC 2026
System alive: Tue Apr 21 10:32:00 UTC 2026
System alive: Tue Apr 21 10:33:01 UTC 2026
System alive: Tue Apr 21 10:34:00 UTC 2026
System alive: Tue Apr 21 10:35:01 UTC 2026
System alive: Tue Apr 21 10:36:00 UTC 2026
System alive: Tue Apr 21 10:37:00 UTC 2026
System alive: Tue Apr 21 10:38:01 UTC 2026
System alive: Tue Apr 21 10:39:00 UTC 2026
System alive: Tue Apr 21 10:40:01 UTC 2026
System alive: Tue Apr 21 10:41:00 UTC 2026
System alive: Tue Apr 21 10:42:01 UTC 2026
System alive: Tue Apr 21 10:43:00 UTC 2026
System alive: Tue Apr 21 10:44:01 UTC 2026
System alive: Tue Apr 21 10:45:00 UTC 2026
System alive: Tue Apr 21 10:46:01 UTC 2026
System alive: Tue Apr 21 10:47:00 UTC 2026
System alive: Tue Apr 21 10:48:00 UTC 2026
System alive: Tue Apr 21 10:49:00 UTC 2026
System alive: Tue Apr 21 10:50:01 UTC 2026
System alive: Tue Apr 21 10:51:00 UTC 2026
System alive: Tue Apr 21 10:52:01 UTC 2026
System alive: Tue Apr 21 10:53:00 UTC 2026
System alive: Tue Apr 21 10:54:01 UTC 2026
System alive: Tue Apr 21 10:55:00 UTC 2026
System alive: Tue Apr 21 10:56:01 UTC 2026
System alive: Tue Apr 21 10:57:00 UTC 2026
System alive: Tue Apr 21 10:58:00 UTC 2026
System alive: Tue Apr 21 10:59:01 UTC 2026
System alive: Tue Apr 21 11:00:00 UTC 2026
System alive: Tue Apr 21 11:01:00 UTC 2026
System alive: Tue Apr 21 11:02:01 UTC 2026
System alive: Tue Apr 21 11:03:00 UTC 2026
System alive: Tue Apr 21 11:04:01 UTC 2026
System alive: Tue Apr 21 11:05:00 UTC 2026
System alive: Tue Apr 21 11:06:01 UTC 2026
System alive: Tue Apr 21 11:07:00 UTC 2026
System alive: Tue Apr 21 11:08:01 UTC 2026
System alive: Tue Apr 21 11:09:01 UTC 2026
System alive: Tue Apr 21 11:10:01 UTC 2026
System alive: Tue Apr 21 11:11:00 UTC 2026
System alive: Tue Apr 21 11:12:01 UTC 2026
System alive: Tue Apr 21 11:13:00 UTC 2026
System alive: Tue Apr 21 11:14:01 UTC 2026
System alive: Tue Apr 21 11:15:00 UTC 2026
System alive: Tue Apr 21 11:16:01 UTC 2026
System alive: Tue Apr 21 11:17:00 UTC 2026
System alive: Tue Apr 21 11:18:01 UTC 2026
System alive: Tue Apr 21 11:19:00 UTC 2026
System alive: Tue Apr 21 11:20:00 UTC 2026
System alive: Tue Apr 21 11:21:01 UTC 2026
System alive: Tue Apr 21 11:22:00 UTC 2026
System alive: Tue Apr 21 11:23:01 UTC 2026
System alive: Tue Apr 21 11:24:00 UTC 2026
System alive: Tue Apr 21 11:25:01 UTC 2026
System alive: Tue Apr 21 11:26:00 UTC 2026
System alive: Tue Apr 21 11:27:01 UTC 2026
System alive: Tue Apr 21 11:28:00 UTC 2026
System alive: Tue Apr 21 11:29:01 UTC 2026
System alive: Tue Apr 21 11:30:00 UTC 2026
System alive: Tue Apr 21 11:31:00 UTC 2026
System alive: Tue Apr 21 11:32:01 UTC 2026
System alive: Tue Apr 21 11:33:00 UTC 2026
System alive: Tue Apr 21 11:34:01 UTC 2026
System alive: Tue Apr 21 11:35:00 UTC 2026
System alive: Tue Apr 21 11:36:01 UTC 2026
System alive: Tue Apr 21 11:37:00 UTC 2026
System alive: Tue Apr 21 11:38:01 UTC 2026
System alive: Tue Apr 21 11:39:00 UTC 2026
System alive: Tue Apr 21 11:40:01 UTC 2026
System alive: Tue Apr 21 11:41:00 UTC 2026
System alive: Tue Apr 21 11:42:00 UTC 2026
System alive: Tue Apr 21 11:43:01 UTC 2026
System alive: Tue Apr 21 11:44:00 UTC 2026
System alive: Tue Apr 21 11:45:01 UTC 2026
System alive: Tue Apr 21 11:46:01 UTC 2026
System alive: Tue Apr 21 11:47:00 UTC 2026
System alive: Tue Apr 21 11:48:01 UTC 2026
System alive: Tue Apr 21 11:49:00 UTC 2026
System alive: Tue Apr 21 11:50:01 UTC 2026
System alive: Tue Apr 21 11:51:00 UTC 2026
System alive: Tue Apr 21 11:52:00 UTC 2026
System alive: Tue Apr 21 11:53:01 UTC 2026
System alive: Tue Apr 21 11:54:00 UTC 2026
System alive: Tue Apr 21 11:55:01 UTC 2026
System alive: Tue Apr 21 11:56:00 UTC 2026
System alive: Tue Apr 21 11:57:01 UTC 2026
System alive: Tue Apr 21 11:58:01 UTC 2026
System alive: Tue Apr 21 11:59:00 UTC 2026
System alive: Tue Apr 21 12:00:01 UTC 2026
System alive: Tue Apr 21 12:01:01 UTC 2026
System alive: Tue Apr 21 12:02:01 UTC 2026
System alive: Tue Apr 21 12:03:01 UTC 2026
System alive: Tue Apr 21 12:04:01 UTC 2026
System alive: Tue Apr 21 12:05:00 UTC 2026
System alive: Tue Apr 21 12:06:01 UTC 2026
System alive: Tue Apr 21 12:07:02 UTC 2026
System alive: Fri Apr 24 09:06:01 UTC 2026
System alive: Fri Apr 24 09:07:01 UTC 2026
System alive: Fri Apr 24 09:08:01 UTC 2026
System alive: Fri Apr 24 09:09:01 UTC 2026
System alive: Fri Apr 24 09:10:01 UTC 2026
System alive: Fri Apr 24 09:11:01 UTC 2026
System alive: Fri Apr 24 09:12:01 UTC 2026
System alive: Fri Apr 24 09:13:01 UTC 2026
System alive: Fri Apr 24 09:14:01 UTC 2026
System alive: Fri Apr 24 09:15:01 UTC 2026
System alive: Fri Apr 24 09:16:01 UTC 2026
System alive: Fri Apr 24 09:17:01 UTC 2026
System alive: Fri Apr 24 09:18:01 UTC 2026
System alive: Fri Apr 24 09:19:01 UTC 2026
System alive: Fri Apr 24 09:20:01 UTC 2026
System alive: Fri Apr 24 09:21:01 UTC 2026
System alive: Fri Apr 24 09:22:01 UTC 2026
System alive: Fri Apr 24 09:23:01 UTC 2026
System alive: Fri Apr 24 09:24:01 UTC 2026
System alive: Fri Apr 24 09:25:01 UTC 2026
System alive: Fri Apr 24 09:26:02 UTC 2026
System alive: Fri Apr 24 09:27:01 UTC 2026
System alive: Fri Apr 24 09:28:01 UTC 2026
System alive: Fri Apr 24 09:29:01 UTC 2026
System alive: Fri Apr 24 09:30:01 UTC 2026
System alive: Fri Apr 24 09:31:01 UTC 2026
System alive: Fri Apr 24 09:32:01 UTC 2026
System alive: Fri Apr 24 09:33:01 UTC 2026
System alive: Fri Apr 24 09:34:01 UTC 2026
System alive: Fri Apr 24 09:35:01 UTC 2026
System alive: Fri Apr 24 09:36:01 UTC 2026
System alive: Fri Apr 24 09:37:01 UTC 2026
System alive: Fri Apr 24 09:38:01 UTC 2026
System alive: Fri Apr 24 09:39:01 UTC 2026
System alive: Fri Apr 24 09:40:01 UTC 2026
System alive: Fri Apr 24 09:41:01 UTC 2026
System alive: Fri Apr 24 09:42:01 UTC 2026
System alive: Fri Apr 24 09:43:01 UTC 2026
System alive: Fri Apr 24 09:44:01 UTC 2026
System alive: Fri Apr 24 09:45:01 UTC 2026
System alive: Fri Apr 24 09:46:01 UTC 2026
System alive: Fri Apr 24 09:47:01 UTC 2026
System alive: Fri Apr 24 09:48:01 UTC 2026
System alive: Fri Apr 24 09:49:01 UTC 2026
System alive: Fri Apr 24 09:50:01 UTC 2026
System alive: Fri Apr 24 09:51:00 UTC 2026
System alive: Fri Apr 24 09:52:01 UTC 2026
System alive: Fri Apr 24 09:53:00 UTC 2026
System alive: Fri Apr 24 09:54:01 UTC 2026
System alive: Fri Apr 24 09:55:00 UTC 2026
System alive: Fri Apr 24 09:56:00 UTC 2026
System alive: Fri Apr 24 09:57:01 UTC 2026
System alive: Fri Apr 24 09:58:00 UTC 2026
System alive: Fri Apr 24 09:59:01 UTC 2026
System alive: Fri Apr 24 10:00:00 UTC 2026
System alive: Fri Apr 24 10:01:01 UTC 2026
System alive: Fri Apr 24 10:02:00 UTC 2026
System alive: Fri Apr 24 10:03:00 UTC 2026
System alive: Fri Apr 24 10:04:01 UTC 2026
System alive: Fri Apr 24 10:05:01 UTC 2026
System alive: Fri Apr 24 10:06:01 UTC 2026
System alive: Fri Apr 24 10:07:01 UTC 2026
System alive: Fri Apr 24 10:08:01 UTC 2026
System alive: Fri Apr 24 10:09:01 UTC 2026
System alive: Fri Apr 24 10:10:01 UTC 2026
System alive: Fri Apr 24 10:11:00 UTC 2026
System alive: Fri Apr 24 10:12:01 UTC 2026
System alive: Fri Apr 24 10:13:01 UTC 2026
System alive: Fri Apr 24 10:14:01 UTC 2026
System alive: Fri Apr 24 10:15:01 UTC 2026
System alive: Fri Apr 24 10:16:01 UTC 2026
System alive: Fri Apr 24 10:17:01 UTC 2026
System alive: Fri Apr 24 10:18:01 UTC 2026
System alive: Fri Apr 24 10:19:01 UTC 2026
System alive: Fri Apr 24 10:20:01 UTC 2026
System alive: Fri Apr 24 10:21:01 UTC 2026
System alive: Fri Apr 24 10:22:01 UTC 2026
System alive: Fri Apr 24 10:23:01 UTC 2026
System alive: Fri Apr 24 10:24:01 UTC 2026
System alive: Fri Apr 24 10:25:01 UTC 2026
